<?xml version="1.0" encoding="UTF-8"?>
<!-- Generated by org.testng.reporters.JUnitReportReporter -->
<testsuite hostname="LAPTOP-84OTAVJL" failures="0" tests="1" name="org.testing.utilities.DropDownselection" time="13.232" errors="0" timestamp="29 Aug 2022 18:03:54 GMT">
  <testcase classname="org.testing.utilities.DropDownselection" name="login" time="13.232"/>
</testsuite> <!-- org.testing.utilities.DropDownselection -->
