<?xml version="1.0" encoding="UTF-8"?>
<!-- Generated by org.testng.reporters.JUnitReportReporter -->
<testsuite hostname="LAPTOP-84OTAVJL" failures="0" tests="1" name="org.testing.TestScripts.Testclass" time="41.008" errors="0" timestamp="28 Aug 2022 07:30:52 GMT">
  <testcase classname="org.testing.TestScripts.Testclass" name="testcase1" time="41.008"/>
</testsuite> <!-- org.testing.TestScripts.Testclass -->
